<?xml version="1.0" encoding="UTF-8"?>
<!-- Generated by org.testng.reporters.JUnitReportReporter -->
<testsuite hostname="DESKTOP-0INDAG6" failures="0" tests="5" name="YufoodsNew.yufoods.CartPage" time="26.991" errors="0" timestamp="2025-02-12T14:29:28 IST" skipped="0">
  <testcase classname="YufoodsNew.yufoods.CartPage" name="TC_05" time="6.098"/>
  <system-out/>
  <testcase classname="YufoodsNew.yufoods.CartPage" name="TC_02" time="7.341"/>
  <system-out/>
  <testcase classname="YufoodsNew.yufoods.CartPage" name="TC_01" time="4.071"/>
  <system-out/>
  <testcase classname="YufoodsNew.yufoods.CartPage" name="TC_04" time="3.376"/>
  <system-out/>
  <testcase classname="YufoodsNew.yufoods.CartPage" name="TC_03" time="6.105"/>
  <system-out/>
</testsuite> <!-- YufoodsNew.yufoods.CartPage -->
