<?xml version="1.0" encoding="UTF-8"?>
<!-- Generated by org.testng.reporters.JUnitReportReporter -->
<testsuite hostname="DESKTOP-LL1B83L" failures="0" tests="4" name="Youfoodlabs.Youfoodlabs.Homepage" time="39.469" errors="0" timestamp="2025-03-07T16:02:02 IST" skipped="0">
  <testcase classname="Youfoodlabs.Youfoodlabs.Homepage" name="TC_04" time="5.753"/>
  <system-out/>
  <testcase classname="Youfoodlabs.Youfoodlabs.Homepage" name="TC_02" time="8.745"/>
  <system-out/>
  <testcase classname="Youfoodlabs.Youfoodlabs.Homepage" name="TC_01" time="4.157"/>
  <system-out/>
  <testcase classname="Youfoodlabs.Youfoodlabs.Homepage" name="TC_03" time="20.814"/>
  <system-out/>
</testsuite> <!-- Youfoodlabs.Youfoodlabs.Homepage -->
