<?xml version="1.0" encoding="UTF-8"?>
<!-- Generated by org.testng.reporters.JUnitReportReporter -->
<testsuite hostname="DESKTOP-LL1B83L" failures="0" tests="5" name="Youfoodlabs.Youfoodlabs.CartPage" time="32.968" errors="0" timestamp="2025-03-07T16:02:02 IST" skipped="0">
  <testcase classname="Youfoodlabs.Youfoodlabs.CartPage" name="TC_04" time="3.316"/>
  <system-out/>
  <testcase classname="Youfoodlabs.Youfoodlabs.CartPage" name="TC_05" time="12.505"/>
  <system-out/>
  <testcase classname="Youfoodlabs.Youfoodlabs.CartPage" name="TC_03" time="6.136"/>
  <system-out/>
  <testcase classname="Youfoodlabs.Youfoodlabs.CartPage" name="TC_02" time="7.057"/>
  <system-out/>
  <testcase classname="Youfoodlabs.Youfoodlabs.CartPage" name="TC_01" time="3.954"/>
  <system-out/>
</testsuite> <!-- Youfoodlabs.Youfoodlabs.CartPage -->
