<?xml version="1.0" encoding="UTF-8"?>
<!-- Generated by org.testng.reporters.JUnitReportReporter -->
<testsuite hostname="DESKTOP-LL1B83L" failures="0" tests="5" name="Youfoodlabs.Youfoodlabs.CartPage" time="33.084" errors="0" timestamp="2025-02-28T17:57:16 IST" skipped="0">
  <testcase classname="Youfoodlabs.Youfoodlabs.CartPage" name="TC_02" time="7.035"/>
  <system-out/>
  <testcase classname="Youfoodlabs.Youfoodlabs.CartPage" name="TC_05" time="12.658"/>
  <system-out/>
  <testcase classname="Youfoodlabs.Youfoodlabs.CartPage" name="TC_04" time="3.316"/>
  <system-out/>
  <testcase classname="Youfoodlabs.Youfoodlabs.CartPage" name="TC_01" time="4.169"/>
  <system-out/>
  <testcase classname="Youfoodlabs.Youfoodlabs.CartPage" name="TC_03" time="5.906"/>
  <system-out/>
</testsuite> <!-- Youfoodlabs.Youfoodlabs.CartPage -->
